2013-03-08 11:17:40,info,[gate_application.cpp:269]init udp connection to 127.0.0.1 port 8899.
2013-03-08 11:17:40,info,[gate_application.cpp:400]process max_time:0 max_action:0 avg_time:0 online:0
2013-03-08 11:17:43,debug,[gate_application.cpp:50]zone_server 127.0.0.1 connected fd:9
2013-03-08 11:18:30,debug,[gate_application.cpp:36]client 192.169.1.2 connected fd:10
2013-03-08 11:18:30,debug,[client_connection.cpp:41]close client ip:192.169.1.2 fd:10 uid:0 role_id:0 type:0
2013-03-08 11:18:40,info,[gate_application.cpp:400]process max_time:0 max_action:0 avg_time:0 online:0
2013-03-08 11:18:45,debug,[gate_application.cpp:36]client 192.169.1.2 connected fd:10
2013-03-08 11:18:45,debug,[client_connection.cpp:41]close client ip:192.169.1.2 fd:10 uid:0 role_id:0 type:0
2013-03-08 11:19:03,debug,[gate_application.cpp:36]client 192.169.1.3 connected fd:10
2013-03-08 11:19:03,debug,[client_connection.cpp:41]close client ip:192.169.1.3 fd:10 uid:0 role_id:0 type:-2
2013-03-08 11:19:11,debug,[gate_application.cpp:36]client 192.169.1.3 connected fd:10
2013-03-08 11:19:11,debug,[client_connection.cpp:41]close client ip:192.169.1.3 fd:10 uid:0 role_id:0 type:-2
2013-03-08 11:19:31,debug,[gate_application.cpp:36]client 192.169.1.3 connected fd:10
2013-03-08 11:19:31,info,[client_connection.cpp:252]login uid:2 fd:10
2013-03-08 11:19:36,info,[client_connection.cpp:370]player_login uid:2 role_id:1000101
2013-03-08 11:19:36,debug,[client_connection.cpp:375]player from 192.169.1.3 login
2013-03-08 11:19:40,info,[gate_application.cpp:400]process max_time:79 max_action:30 avg_time:48 online:1
2013-03-08 11:19:58,debug,[client_connection.cpp:41]close client ip:192.169.1.3 fd:10 uid:2 role_id:1000101 type:5
2013-03-08 11:19:58,info,[client_connection.cpp:53]logout role_id:1000101
2013-03-08 11:19:58,debug,[gate_application.cpp:36]client 192.169.1.3 connected fd:10
2013-03-08 11:19:58,info,[client_connection.cpp:252]login uid:2 fd:10
2013-03-08 11:20:01,info,[client_connection.cpp:370]player_login uid:2 role_id:1000101
2013-03-08 11:20:01,debug,[client_connection.cpp:375]player from 192.169.1.3 login
2013-03-08 11:20:40,info,[gate_application.cpp:400]process max_time:41 max_action:5 avg_time:38 online:1
2013-03-08 11:21:40,info,[gate_application.cpp:400]process max_time:0 max_action:0 avg_time:0 online:1
2013-03-08 11:22:40,info,[gate_application.cpp:400]process max_time:0 max_action:0 avg_time:0 online:1
2013-03-08 11:23:40,info,[gate_application.cpp:400]process max_time:0 max_action:0 avg_time:0 online:1
2013-03-08 11:24:40,info,[gate_application.cpp:400]process max_time:0 max_action:0 avg_time:0 online:1
2013-03-08 11:25:40,info,[gate_application.cpp:400]process max_time:0 max_action:0 avg_time:0 online:1
2013-03-08 11:26:40,info,[gate_application.cpp:400]process max_time:0 max_action:0 avg_time:0 online:1
2013-03-08 11:27:35,debug,[client_connection.cpp:41]close client ip:192.169.1.3 fd:10 uid:2 role_id:1000101 type:5
2013-03-08 11:27:35,info,[client_connection.cpp:53]logout role_id:1000101
2013-03-08 11:27:40,info,[gate_application.cpp:400]process max_time:0 max_action:0 avg_time:0 online:0
2013-03-08 11:28:40,info,[gate_application.cpp:400]process max_time:0 max_action:0 avg_time:0 online:0
2013-03-08 11:29:40,info,[gate_application.cpp:400]process max_time:0 max_action:0 avg_time:0 online:0
2013-03-08 11:30:40,info,[gate_application.cpp:400]process max_time:0 max_action:0 avg_time:0 online:0
2013-03-08 11:31:40,info,[gate_application.cpp:400]process max_time:0 max_action:0 avg_time:0 online:0
2013-03-08 11:32:40,info,[gate_application.cpp:400]process max_time:0 max_action:0 avg_time:0 online:0
2013-03-08 11:33:40,info,[gate_application.cpp:400]process max_time:0 max_action:0 avg_time:0 online:0
2013-03-08 11:34:40,info,[gate_application.cpp:400]process max_time:0 max_action:0 avg_time:0 online:0
2013-03-08 11:35:40,info,[gate_application.cpp:400]process max_time:0 max_action:0 avg_time:0 online:0
2013-03-08 11:36:40,info,[gate_application.cpp:400]process max_time:0 max_action:0 avg_time:0 online:0
2013-03-08 11:37:40,info,[gate_application.cpp:400]process max_time:0 max_action:0 avg_time:0 online:0
2013-03-08 11:38:40,info,[gate_application.cpp:400]process max_time:0 max_action:0 avg_time:0 online:0
2013-03-08 11:39:40,info,[gate_application.cpp:400]process max_time:0 max_action:0 avg_time:0 online:0
2013-03-08 11:40:40,info,[gate_application.cpp:400]process max_time:0 max_action:0 avg_time:0 online:0
2013-03-08 11:41:40,info,[gate_application.cpp:400]process max_time:0 max_action:0 avg_time:0 online:0
2013-03-08 11:42:40,info,[gate_application.cpp:400]process max_time:0 max_action:0 avg_time:0 online:0
2013-03-08 11:43:40,info,[gate_application.cpp:400]process max_time:0 max_action:0 avg_time:0 online:0
2013-03-08 11:44:40,info,[gate_application.cpp:400]process max_time:0 max_action:0 avg_time:0 online:0
2013-03-08 11:45:40,info,[gate_application.cpp:400]process max_time:0 max_action:0 avg_time:0 online:0
2013-03-08 11:46:40,info,[gate_application.cpp:400]process max_time:0 max_action:0 avg_time:0 online:0
2013-03-08 11:47:40,info,[gate_application.cpp:400]process max_time:0 max_action:0 avg_time:0 online:0
2013-03-08 11:48:40,info,[gate_application.cpp:400]process max_time:0 max_action:0 avg_time:0 online:0
2013-03-08 11:49:40,info,[gate_application.cpp:400]process max_time:0 max_action:0 avg_time:0 online:0
2013-03-08 11:50:40,info,[gate_application.cpp:400]process max_time:0 max_action:0 avg_time:0 online:0
2013-03-08 11:51:40,info,[gate_application.cpp:400]process max_time:0 max_action:0 avg_time:0 online:0
2013-03-08 11:52:40,info,[gate_application.cpp:400]process max_time:0 max_action:0 avg_time:0 online:0
2013-03-08 11:53:40,info,[gate_application.cpp:400]process max_time:0 max_action:0 avg_time:0 online:0
2013-03-08 11:54:40,info,[gate_application.cpp:400]process max_time:0 max_action:0 avg_time:0 online:0
2013-03-08 11:55:40,info,[gate_application.cpp:400]process max_time:0 max_action:0 avg_time:0 online:0
2013-03-08 11:56:40,info,[gate_application.cpp:400]process max_time:0 max_action:0 avg_time:0 online:0
2013-03-08 11:57:40,info,[gate_application.cpp:400]process max_time:0 max_action:0 avg_time:0 online:0
2013-03-08 11:58:40,info,[gate_application.cpp:400]process max_time:0 max_action:0 avg_time:0 online:0
2013-03-08 11:59:40,info,[gate_application.cpp:400]process max_time:0 max_action:0 avg_time:0 online:0
2013-03-08 12:00:40,info,[gate_application.cpp:400]process max_time:0 max_action:0 avg_time:0 online:0
2013-03-08 12:01:40,info,[gate_application.cpp:400]process max_time:0 max_action:0 avg_time:0 online:0
2013-03-08 12:02:40,info,[gate_application.cpp:400]process max_time:0 max_action:0 avg_time:0 online:0
2013-03-08 12:03:40,info,[gate_application.cpp:400]process max_time:0 max_action:0 avg_time:0 online:0
2013-03-08 12:04:40,info,[gate_application.cpp:400]process max_time:0 max_action:0 avg_time:0 online:0
2013-03-08 12:05:40,info,[gate_application.cpp:400]process max_time:0 max_action:0 avg_time:0 online:0
2013-03-08 12:06:40,info,[gate_application.cpp:400]process max_time:0 max_action:0 avg_time:0 online:0
2013-03-08 12:07:40,info,[gate_application.cpp:400]process max_time:0 max_action:0 avg_time:0 online:0
2013-03-08 12:08:40,info,[gate_application.cpp:400]process max_time:0 max_action:0 avg_time:0 online:0
2013-03-08 12:09:40,info,[gate_application.cpp:400]process max_time:0 max_action:0 avg_time:0 online:0
2013-03-08 12:10:40,info,[gate_application.cpp:400]process max_time:0 max_action:0 avg_time:0 online:0
2013-03-08 12:11:40,info,[gate_application.cpp:400]process max_time:0 max_action:0 avg_time:0 online:0
2013-03-08 12:12:40,info,[gate_application.cpp:400]process max_time:0 max_action:0 avg_time:0 online:0
2013-03-08 12:13:40,info,[gate_application.cpp:400]process max_time:0 max_action:0 avg_time:0 online:0
2013-03-08 12:14:40,info,[gate_application.cpp:400]process max_time:0 max_action:0 avg_time:0 online:0
2013-03-08 12:15:40,info,[gate_application.cpp:400]process max_time:0 max_action:0 avg_time:0 online:0
2013-03-08 12:16:40,info,[gate_application.cpp:400]process max_time:0 max_action:0 avg_time:0 online:0
2013-03-08 12:17:40,info,[gate_application.cpp:400]process max_time:0 max_action:0 avg_time:0 online:0
2013-03-08 12:18:40,info,[gate_application.cpp:400]process max_time:0 max_action:0 avg_time:0 online:0
2013-03-08 12:19:40,info,[gate_application.cpp:400]process max_time:0 max_action:0 avg_time:0 online:0
2013-03-08 12:20:40,info,[gate_application.cpp:400]process max_time:0 max_action:0 avg_time:0 online:0
2013-03-08 12:21:29,info,[zone_connection.cpp:38]zone_connection on_event type=5 errno=0
2013-03-08 12:21:33,info,[gate_application.cpp:61]on_event type=5 errno:0
2013-03-08 12:21:34,info,[gate_application.cpp:366]system stopped
